# JRE version: OpenJDK Runtime Environment (8.0_212-b04) (build 1.8.0_212-release-1586-b04)
# Java VM: OpenJDK 64-Bit Server VM (25.212-b04 mixed mode windows-amd64 compressed oops)
Heap:
 PSYoungGen      total 139264K, used 79987K [0x00000000e0000000, 0x00000000ea480000, 0x0000000100000000)
  eden space 126464K, 63% used [0x00000000e0000000,0x00000000e4e1cf58,0x00000000e7b80000)
  from space 12800K, 0% used [0x00000000e8880000,0x00000000e8880000,0x00000000e9500000)
  to   space 13312K, 0% used [0x00000000e7b80000,0x00000000e7b80000,0x00000000e8880000)
 ParOldGen       total 114688K, used 18272K [0x00000000a0000000, 0x00000000a7000000, 0x00000000e0000000)
  object space 114688K, 15% used [0x00000000a0000000,0x00000000a11d8040,0x00000000a7000000)
 Metaspace       used 41361K, capacity 42660K, committed 42880K, reserved 1085440K
  class space    used 5616K, capacity 5903K, committed 6016K, reserved 1048576K
GC Heap History (10 events):
Event: 5.114 GC heap before
{Heap before GC invocations=6 (full 1):
 PSYoungGen      total 52736K, used 7156K [0x00000000e0000000, 0x00000000e7100000, 0x0000000100000000)
  eden space 45568K, 0% used [0x00000000e0000000,0x00000000e0000000,0x00000000e2c80000)
  from space 7168K, 99% used [0x00000000e2c80000,0x00000000e337d040,0x00000000e3380000)
  to   space 12288K, 0% used [0x00000000e6500000,0x00000000e6500000,0x00000000e7100000)
 ParOldGen       total 120320K, used 6661K [0x00000000a0000000, 0x00000000a7580000, 0x00000000e0000000)
  object space 120320K, 5% used [0x00000000a0000000,0x00000000a06815c0,0x00000000a7580000)
 Metaspace       used 20720K, capacity 21258K, committed 21296K, reserved 1067008K
  class space    used 3007K, capacity 3174K, committed 3200K, reserved 1048576K
Event: 5.152 GC heap after
Heap after GC invocations=6 (full 1):
 PSYoungGen      total 52736K, used 0K [0x00000000e0000000, 0x00000000e7100000, 0x0000000100000000)
  eden space 45568K, 0% used [0x00000000e0000000,0x00000000e0000000,0x00000000e2c80000)
  from space 7168K, 0% used [0x00000000e2c80000,0x00000000e2c80000,0x00000000e3380000)
  to   space 12288K, 0% used [0x00000000e6500000,0x00000000e6500000,0x00000000e7100000)
 ParOldGen       total 72192K, used 8914K [0x00000000a0000000, 0x00000000a4680000, 0x00000000e0000000)
  object space 72192K, 12% used [0x00000000a0000000,0x00000000a08b4bb0,0x00000000a4680000)
 Metaspace       used 20720K, capacity 21258K, committed 21296K, reserved 1067008K
  class space    used 3007K, capacity 3174K, committed 3200K, reserved 1048576K
}
Event: 5.919 GC heap before
{Heap before GC invocations=7 (full 1):
 PSYoungGen      total 52736K, used 45568K [0x00000000e0000000, 0x00000000e7100000, 0x0000000100000000)
  eden space 45568K, 100% used [0x00000000e0000000,0x00000000e2c80000,0x00000000e2c80000)
  from space 7168K, 0% used [0x00000000e2c80000,0x00000000e2c80000,0x00000000e3380000)
  to   space 12288K, 0% used [0x00000000e6500000,0x00000000e6500000,0x00000000e7100000)
 ParOldGen       total 72192K, used 8914K [0x00000000a0000000, 0x00000000a4680000, 0x00000000e0000000)
  object space 72192K, 12% used [0x00000000a0000000,0x00000000a08b4bb0,0x00000000a4680000)
 Metaspace       used 27011K, capacity 27622K, committed 27648K, reserved 1073152K
  class space    used 3657K, capacity 3822K, committed 3840K, reserved 1048576K
Event: 5.926 GC heap after
Heap after GC invocations=7 (full 1):
 PSYoungGen      total 82432K, used 5931K [0x00000000e0000000, 0x00000000e6b00000, 0x0000000100000000)
  eden space 76288K, 0% used [0x00000000e0000000,0x00000000e0000000,0x00000000e4a80000)
  from space 6144K, 96% used [0x00000000e6500000,0x00000000e6acac50,0x00000000e6b00000)
  to   space 12288K, 0% used [0x00000000e5300000,0x00000000e5300000,0x00000000e5f00000)
 ParOldGen       total 72192K, used 8922K [0x00000000a0000000, 0x00000000a4680000, 0x00000000e0000000)
  object space 72192K, 12% used [0x00000000a0000000,0x00000000a08b6bb0,0x00000000a4680000)
 Metaspace       used 27011K, capacity 27622K, committed 27648K, reserved 1073152K
  class space    used 3657K, capacity 3822K, committed 3840K, reserved 1048576K
}
Event: 7.035 GC heap before
{Heap before GC invocations=8 (full 1):
 PSYoungGen      total 82432K, used 82219K [0x00000000e0000000, 0x00000000e6b00000, 0x0000000100000000)
  eden space 76288K, 100% used [0x00000000e0000000,0x00000000e4a80000,0x00000000e4a80000)
  from space 6144K, 96% used [0x00000000e6500000,0x00000000e6acac50,0x00000000e6b00000)
  to   space 12288K, 0% used [0x00000000e5300000,0x00000000e5300000,0x00000000e5f00000)
 ParOldGen       total 72192K, used 8922K [0x00000000a0000000, 0x00000000a4680000, 0x00000000e0000000)
  object space 72192K, 12% used [0x00000000a0000000,0x00000000a08b6bb0,0x00000000a4680000)
 Metaspace       used 31919K, capacity 32728K, committed 33024K, reserved 1077248K
  class space    used 4320K, capacity 4551K, committed 4608K, reserved 1048576K
Event: 7.049 GC heap after
Heap after GC invocations=8 (full 1):
 PSYoungGen      total 97280K, used 9710K [0x00000000e0000000, 0x00000000e9500000, 0x0000000100000000)
  eden space 84992K, 0% used [0x00000000e0000000,0x00000000e0000000,0x00000000e5300000)
  from space 12288K, 79% used [0x00000000e5300000,0x00000000e5c7b988,0x00000000e5f00000)
  to   space 12800K, 0% used [0x00000000e8880000,0x00000000e8880000,0x00000000e9500000)
 ParOldGen       total 72192K, used 8930K [0x00000000a0000000, 0x00000000a4680000, 0x00000000e0000000)
  object space 72192K, 12% used [0x00000000a0000000,0x00000000a08b8bb0,0x00000000a4680000)
 Metaspace       used 31919K, capacity 32728K, committed 33024K, reserved 1077248K
  class space    used 4320K, capacity 4551K, committed 4608K, reserved 1048576K
}
Event: 7.855 GC heap before
{Heap before GC invocations=9 (full 1):
 PSYoungGen      total 97280K, used 70207K [0x00000000e0000000, 0x00000000e9500000, 0x0000000100000000)
  eden space 84992K, 71% used [0x00000000e0000000,0x00000000e3b14498,0x00000000e5300000)
  from space 12288K, 79% used [0x00000000e5300000,0x00000000e5c7b988,0x00000000e5f00000)
  to   space 12800K, 0% used [0x00000000e8880000,0x00000000e8880000,0x00000000e9500000)
 ParOldGen       total 72192K, used 8930K [0x00000000a0000000, 0x00000000a4680000, 0x00000000e0000000)
  object space 72192K, 12% used [0x00000000a0000000,0x00000000a08b8bb0,0x00000000a4680000)
 Metaspace       used 34437K, capacity 35316K, committed 35496K, reserved 1079296K
  class space    used 4749K, capacity 5001K, committed 5120K, reserved 1048576K
Event: 7.869 GC heap after
Heap after GC invocations=9 (full 1):
 PSYoungGen      total 139264K, used 11114K [0x00000000e0000000, 0x00000000ea480000, 0x0000000100000000)
  eden space 126464K, 0% used [0x00000000e0000000,0x00000000e0000000,0x00000000e7b80000)
  from space 12800K, 86% used [0x00000000e8880000,0x00000000e935a938,0x00000000e9500000)
  to   space 13312K, 0% used [0x00000000e7b80000,0x00000000e7b80000,0x00000000e8880000)
 ParOldGen       total 72192K, used 8938K [0x00000000a0000000, 0x00000000a4680000, 0x00000000e0000000)
  object space 72192K, 12% used [0x00000000a0000000,0x00000000a08babb0,0x00000000a4680000)
 Metaspace       used 34437K, capacity 35316K, committed 35496K, reserved 1079296K
  class space    used 4749K, capacity 5001K, committed 5120K, reserved 1048576K
}
Event: 7.869 GC heap before
{Heap before GC invocations=10 (full 2):
 PSYoungGen      total 139264K, used 11114K [0x00000000e0000000, 0x00000000ea480000, 0x0000000100000000)
  eden space 126464K, 0% used [0x00000000e0000000,0x00000000e0000000,0x00000000e7b80000)
  from space 12800K, 86% used [0x00000000e8880000,0x00000000e935a938,0x00000000e9500000)
  to   space 13312K, 0% used [0x00000000e7b80000,0x00000000e7b80000,0x00000000e8880000)
 ParOldGen       total 72192K, used 8938K [0x00000000a0000000, 0x00000000a4680000, 0x00000000e0000000)
  object space 72192K, 12% used [0x00000000a0000000,0x00000000a08babb0,0x00000000a4680000)
 Metaspace       used 34437K, capacity 35316K, committed 35496K, reserved 1079296K
  class space    used 4749K, capacity 5001K, committed 5120K, reserved 1048576K
Event: 7.954 GC heap after
Heap after GC invocations=10 (full 2):
 PSYoungGen      total 139264K, used 0K [0x00000000e0000000, 0x00000000ea480000, 0x0000000100000000)
  eden space 126464K, 0% used [0x00000000e0000000,0x00000000e0000000,0x00000000e7b80000)
  from space 12800K, 0% used [0x00000000e8880000,0x00000000e8880000,0x00000000e9500000)
  to   space 13312K, 0% used [0x00000000e7b80000,0x00000000e7b80000,0x00000000e8880000)
 ParOldGen       total 114688K, used 18272K [0x00000000a0000000, 0x00000000a7000000, 0x00000000e0000000)
  object space 114688K, 15% used [0x00000000a0000000,0x00000000a11d8040,0x00000000a7000000)
 Metaspace       used 34437K, capacity 35316K, committed 35496K, reserved 1079296K
  class space    used 4749K, capacity 5001K, committed 5120K, reserved 1048576K
}

